2019-10-18 16:46:28 [scrapy.utils.log] INFO: Scrapy 1.5.0 started (bot: funcionarios_prov_cba)
2019-10-18 16:46:28 [scrapy.utils.log] INFO: Versions: lxml 4.2.1.0, libxml2 2.9.8, cssselect 1.0.3, parsel 1.4.0, w3lib 1.19.0, Twisted 17.9.0, Python 3.6.8 (default, Oct  7 2019, 12:59:55) - [GCC 8.3.0], pyOpenSSL 17.5.0 (OpenSSL 1.1.0h  27 Mar 2018), cryptography 2.3, Platform Linux-4.15.0-58-generic-x86_64-with-Ubuntu-18.04-bionic
2019-10-18 16:46:28 [scrapy.crawler] INFO: Overridden settings: {'BOT_NAME': 'funcionarios_prov_cba', 'DOWNLOAD_DELAY': 2.5, 'FEED_FORMAT': 'csv', 'FEED_URI': 'post-process/data/funcionarios-2019-10-18.csv', 'LOG_FILE': 'all.log', 'LOG_LEVEL': 'INFO', 'NEWSPIDER_MODULE': 'funcionarios_prov_cba.spiders', 'ROBOTSTXT_OBEY': True, 'SPIDER_MODULES': ['funcionarios_prov_cba.spiders']}
2019-10-18 16:46:28 [scrapy.middleware] INFO: Enabled extensions:
['scrapy.extensions.corestats.CoreStats',
 'scrapy.extensions.telnet.TelnetConsole',
 'scrapy.extensions.memusage.MemoryUsage',
 'scrapy.extensions.feedexport.FeedExporter',
 'scrapy.extensions.logstats.LogStats']
2019-10-18 16:46:28 [scrapy.middleware] INFO: Enabled downloader middlewares:
['scrapy.downloadermiddlewares.robotstxt.RobotsTxtMiddleware',
 'scrapy.downloadermiddlewares.httpauth.HttpAuthMiddleware',
 'scrapy.downloadermiddlewares.downloadtimeout.DownloadTimeoutMiddleware',
 'scrapy.downloadermiddlewares.defaultheaders.DefaultHeadersMiddleware',
 'scrapy.downloadermiddlewares.useragent.UserAgentMiddleware',
 'scrapy.downloadermiddlewares.retry.RetryMiddleware',
 'scrapy.downloadermiddlewares.redirect.MetaRefreshMiddleware',
 'scrapy.downloadermiddlewares.httpcompression.HttpCompressionMiddleware',
 'scrapy.downloadermiddlewares.redirect.RedirectMiddleware',
 'scrapy.downloadermiddlewares.cookies.CookiesMiddleware',
 'scrapy.downloadermiddlewares.httpproxy.HttpProxyMiddleware',
 'scrapy.downloadermiddlewares.stats.DownloaderStats']
2019-10-18 16:46:28 [scrapy.middleware] INFO: Enabled spider middlewares:
['scrapy.spidermiddlewares.httperror.HttpErrorMiddleware',
 'scrapy.spidermiddlewares.offsite.OffsiteMiddleware',
 'scrapy.spidermiddlewares.referer.RefererMiddleware',
 'scrapy.spidermiddlewares.urllength.UrlLengthMiddleware',
 'scrapy.spidermiddlewares.depth.DepthMiddleware']
2019-10-18 16:46:28 [scrapy.middleware] INFO: Enabled item pipelines:
['scrapy.pipelines.images.ImagesPipeline']
2019-10-18 16:46:28 [scrapy.core.engine] INFO: Spider opened
2019-10-18 16:46:28 [scrapy.extensions.logstats] INFO: Crawled 0 pages (at 0 pages/min), scraped 0 items (at 0 items/min)
2019-10-18 16:46:32 [funcionarios] INFO:  *** BUSCANDO MINISTERIOS **** 
2019-10-18 16:46:36 [funcionarios] INFO:  *** INICIANDO MINISTERIO Ministerio de Gobierno**** 
2019-10-18 16:46:40 [funcionarios] INFO:  *** INICIANDO MINISTERIO Consejo Provincial de las Mujeres**** 
2019-10-18 16:46:43 [funcionarios] INFO:  *** INICIANDO MINISTERIO Universidad Provincial de Córdoba**** 
2019-10-18 16:46:45 [funcionarios] INFO:  *** INICIANDO MINISTERIO Agencia Córdoba Inversiones y Financiamiento SEM**** 
2019-10-18 16:46:50 [funcionarios] INFO:  *** INICIANDO MINISTERIO Agencia ProCórdoba**** 
2019-10-18 16:46:51 [funcionarios] INFO:  *** INICIANDO MINISTERIO Agencia Córdoba Innovar y Emprender**** 
2019-10-18 16:46:55 [funcionarios] INFO:  *** INICIANDO MINISTERIO Agencia Córdoba Joven**** 
2019-10-18 16:46:57 [funcionarios] INFO:  *** INICIANDO MINISTERIO Agencia Córdoba Deportes**** 
2019-10-18 16:47:01 [funcionarios] INFO:  *** INICIANDO MINISTERIO Agencia Córdoba Cultura**** 
2019-10-18 16:47:04 [funcionarios] INFO:  *** INICIANDO MINISTERIO Agencia Córdoba Turismo**** 
2019-10-18 16:47:05 [funcionarios] INFO:  *** INICIANDO MINISTERIO Secretaría de Comunicaciones y Conectividad**** 
2019-10-18 16:47:08 [funcionarios] INFO:  *** INICIANDO MINISTERIO Secretaría General de la Gobernación**** 
2019-10-18 16:47:11 [funcionarios] INFO:  *** INICIANDO MINISTERIO Secretaría de Planeamiento y Modernización**** 
2019-10-18 16:47:12 [funcionarios] INFO:  *** INICIANDO MINISTERIO Secretaría de Equidad y Promoción de Empleo**** 
2019-10-18 16:47:17 [funcionarios] INFO:  *** INICIANDO MINISTERIO Fiscalía de Estado**** 
2019-10-18 16:47:19 [funcionarios] INFO:  *** INICIANDO MINISTERIO Ministerio de Servicios Públicos**** 
2019-10-18 16:47:21 [funcionarios] INFO:  *** INICIANDO MINISTERIO Ministerio de Ciencia y Tecnología**** 
2019-10-18 16:47:28 [scrapy.extensions.logstats] INFO: Crawled 21 pages (at 21 pages/min), scraped 105 items (at 105 items/min)
2019-10-18 16:48:28 [scrapy.extensions.logstats] INFO: Crawled 40 pages (at 19 pages/min), scraped 124 items (at 19 items/min)
2019-10-18 16:48:47 [scrapy.crawler] INFO: Received SIG_SETMASK, shutting down gracefully. Send again to force 
2019-10-18 16:48:47 [scrapy.core.engine] INFO: Closing spider (shutdown)
2019-10-18 16:48:47 [scrapy.crawler] INFO: Received SIG_SETMASK twice, forcing unclean shutdown
