2019-08-30 17:04:40,343 INFO:Parsing results
2019-08-30 17:04:40,344 INFO:Parsing funcionario id: 1
2019-08-30 17:04:40,348 INFO:Parsing funcionario id: 2
2019-08-30 17:04:40,349 INFO:Parsing funcionario id: 459
2019-08-30 17:04:40,349 INFO:Parsing funcionario id: 5
2019-08-30 17:04:40,351 INFO:Parsing funcionario id: 6
2019-08-30 17:04:40,352 INFO:Parsing funcionario id: 7
2019-08-30 17:04:40,353 INFO:Parsing funcionario id: 8
2019-08-30 17:04:40,353 INFO:Parsing funcionario id: 9
2019-08-30 17:04:40,354 INFO:Parsing funcionario id: 10
2019-08-30 17:04:40,354 INFO:Parsing funcionario id: 11
2019-08-30 17:04:40,355 INFO:Parsing funcionario id: 12
2019-08-30 17:04:40,355 INFO:Parsing funcionario id: 13
2019-08-30 17:04:40,356 INFO:Parsing funcionario id: 15
2019-08-30 17:04:40,356 INFO:Parsing funcionario id: 16
2019-08-30 17:04:40,357 INFO:Parsing funcionario id: 17
2019-08-30 17:04:40,357 INFO:Parsing funcionario id: 19
2019-08-30 17:04:40,357 INFO:Parsing funcionario id: 21
2019-08-30 17:04:40,358 INFO:Parsing funcionario id: 28
2019-08-30 17:04:40,358 INFO:Parsing funcionario id: 30
2019-08-30 17:04:40,358 INFO:Parsing funcionario id: 32
2019-08-30 17:04:40,359 INFO:Parsing funcionario id: 426
2019-08-30 17:04:40,359 INFO:Parsing funcionario id: 35
2019-08-30 17:04:40,359 INFO:Parsing funcionario id: 43
2019-08-30 17:04:40,360 INFO:Parsing funcionario id: 46
2019-08-30 17:04:40,360 INFO:Parsing funcionario id: 47
2019-08-30 17:04:40,360 INFO:Parsing funcionario id: 48
2019-08-30 17:04:40,361 INFO:Parsing funcionario id: 51
2019-08-30 17:04:40,361 INFO:Parsing funcionario id: 52
2019-08-30 17:04:40,361 INFO:Parsing funcionario id: 53
2019-08-30 17:04:40,362 INFO:Parsing funcionario id: 55
2019-08-30 17:04:40,362 INFO:Parsing funcionario id: 57
2019-08-30 17:04:40,362 INFO:Parsing funcionario id: 58
2019-08-30 17:04:40,363 INFO:Parsing funcionario id: 60
2019-08-30 17:04:40,363 INFO:Parsing funcionario id: 61
2019-08-30 17:04:40,363 INFO:Parsing funcionario id: 62
2019-08-30 17:04:40,364 INFO:Parsing funcionario id: 64
2019-08-30 17:04:40,364 INFO:Parsing funcionario id: 65
2019-08-30 17:04:40,364 INFO:Parsing funcionario id: 66
2019-08-30 17:04:40,364 INFO:Parsing funcionario id: 67
2019-08-30 17:04:40,365 INFO:Parsing funcionario id: 68
2019-08-30 17:04:40,365 INFO:Parsing funcionario id: 69
2019-08-30 17:04:40,365 INFO:Parsing funcionario id: 71
2019-08-30 17:04:40,366 INFO:Parsing funcionario id: 73
2019-08-30 17:04:40,366 INFO:Parsing funcionario id: 75
2019-08-30 17:04:40,366 INFO:Parsing funcionario id: 76
2019-08-30 17:04:40,367 INFO:Parsing funcionario id: 77
2019-08-30 17:04:40,367 INFO:Parsing funcionario id: 78
2019-08-30 17:04:40,367 INFO:Parsing funcionario id: 79
2019-08-30 17:04:40,367 INFO:Parsing funcionario id: 80
2019-08-30 17:04:40,368 INFO:Parsing funcionario id: 81
2019-08-30 17:04:40,368 INFO:Parsing funcionario id: 82
2019-08-30 17:04:40,368 INFO:Parsing funcionario id: 84
2019-08-30 17:04:40,369 INFO:Parsing funcionario id: 86
2019-08-30 17:04:40,369 INFO:Parsing funcionario id: 88
2019-08-30 17:04:40,369 INFO:Parsing funcionario id: 89
2019-08-30 17:04:40,369 INFO:Parsing funcionario id: 93
2019-08-30 17:04:40,370 INFO:Parsing funcionario id: 423
2019-08-30 17:04:40,370 INFO:Parsing funcionario id: 96
2019-08-30 17:04:40,370 INFO:Parsing funcionario id: 98
2019-08-30 17:04:40,371 INFO:Parsing funcionario id: 99
2019-08-30 17:04:40,371 INFO:Parsing funcionario id: 100
2019-08-30 17:04:40,371 INFO:Parsing funcionario id: 437
2019-08-30 17:04:40,371 INFO:Parsing funcionario id: 103
2019-08-30 17:04:40,372 INFO:Parsing funcionario id: 105
2019-08-30 17:04:40,373 INFO:Parsing funcionario id: 107
2019-08-30 17:04:40,373 INFO:Parsing funcionario id: 112
2019-08-30 17:04:40,374 INFO:Parsing funcionario id: 113
2019-08-30 17:04:40,374 INFO:Parsing funcionario id: 114
2019-08-30 17:04:40,374 INFO:Parsing funcionario id: 115
2019-08-30 17:04:40,375 INFO:Parsing funcionario id: 117
2019-08-30 17:04:40,375 INFO:Parsing funcionario id: 438
2019-08-30 17:04:40,375 INFO:Parsing funcionario id: 127
2019-08-30 17:04:40,375 INFO:Parsing funcionario id: 129
2019-08-30 17:04:40,376 INFO:Parsing funcionario id: 130
2019-08-30 17:04:40,376 INFO:Parsing funcionario id: 74
2019-08-30 17:04:40,376 INFO:Parsing funcionario id: 132
2019-08-30 17:04:40,377 INFO:Parsing funcionario id: 133
2019-08-30 17:04:40,377 INFO:Parsing funcionario id: 134
2019-08-30 17:04:40,377 INFO:Parsing funcionario id: 135
2019-08-30 17:04:40,377 INFO:Parsing funcionario id: 136
2019-08-30 17:04:40,378 INFO:Parsing funcionario id: 137
2019-08-30 17:04:40,378 INFO:Parsing funcionario id: 138
2019-08-30 17:04:40,378 INFO:Parsing funcionario id: 142
2019-08-30 17:04:40,378 INFO:Parsing funcionario id: 144
2019-08-30 17:04:40,378 INFO:Parsing funcionario id: 145
2019-08-30 17:04:40,379 INFO:Parsing funcionario id: 146
2019-08-30 17:04:40,379 INFO:Parsing funcionario id: 147
2019-08-30 17:04:40,379 INFO:Parsing funcionario id: 148
2019-08-30 17:04:40,379 INFO:Parsing funcionario id: 152
2019-08-30 17:04:40,379 INFO:Parsing funcionario id: 153
2019-08-30 17:04:40,379 INFO:Parsing funcionario id: 157
2019-08-30 17:04:40,380 INFO:Parsing funcionario id: 160
2019-08-30 17:04:40,380 INFO:Parsing funcionario id: 161
2019-08-30 17:04:40,380 INFO:Parsing funcionario id: 428
2019-08-30 17:04:40,380 INFO:Parsing funcionario id: 163
2019-08-30 17:04:40,380 INFO:Parsing funcionario id: 167
2019-08-30 17:04:40,381 INFO:Parsing funcionario id: 168
2019-08-30 17:04:40,381 INFO:Parsing funcionario id: 169
2019-08-30 17:04:40,381 INFO:Parsing funcionario id: 432
2019-08-30 17:04:40,381 INFO:Parsing funcionario id: 175
2019-08-30 17:04:40,381 INFO:Parsing funcionario id: 176
2019-08-30 17:04:40,382 INFO:Parsing funcionario id: 177
2019-08-30 17:04:40,382 INFO:Parsing funcionario id: 180
2019-08-30 17:04:40,382 INFO:Parsing funcionario id: 181
2019-08-30 17:04:40,382 INFO:Parsing funcionario id: 182
2019-08-30 17:04:40,383 INFO:Parsing funcionario id: 183
2019-08-30 17:04:40,383 INFO:Parsing funcionario id: 184
2019-08-30 17:04:40,383 INFO:Parsing funcionario id: 185
2019-08-30 17:04:40,383 INFO:Parsing funcionario id: 186
2019-08-30 17:04:40,383 INFO:Parsing funcionario id: 187
2019-08-30 17:04:40,383 INFO:Parsing funcionario id: 188
2019-08-30 17:04:40,383 INFO:Parsing funcionario id: 189
2019-08-30 17:04:40,384 INFO:Parsing funcionario id: 191
2019-08-30 17:04:40,384 INFO:Parsing funcionario id: 192
2019-08-30 17:04:40,384 INFO:Parsing funcionario id: 193
2019-08-30 17:04:40,384 INFO:Parsing funcionario id: 194
2019-08-30 17:04:40,384 INFO:Parsing funcionario id: 196
2019-08-30 17:04:40,384 INFO:Parsing funcionario id: 197
2019-08-30 17:04:40,384 INFO:Parsing funcionario id: 198
2019-08-30 17:04:40,384 INFO:Parsing funcionario id: 200
2019-08-30 17:04:40,385 INFO:Parsing funcionario id: 425
2019-08-30 17:04:40,385 INFO:Parsing funcionario id: 155
2019-08-30 17:04:40,385 INFO:Parsing funcionario id: 201
2019-08-30 17:04:40,385 INFO:Parsing funcionario id: 124
2019-08-30 17:04:40,385 INFO:Parsing funcionario id: 205
2019-08-30 17:04:40,385 INFO:Parsing funcionario id: 206
2019-08-30 17:04:40,385 INFO:Parsing funcionario id: 207
2019-08-30 17:04:40,385 INFO:Parsing funcionario id: 208
2019-08-30 17:04:40,385 INFO:Parsing funcionario id: 209
2019-08-30 17:04:40,386 INFO:Parsing funcionario id: 210
2019-08-30 17:04:40,386 INFO:Parsing funcionario id: 211
2019-08-30 17:04:40,386 INFO:Parsing funcionario id: 212
2019-08-30 17:04:40,387 INFO:Parsing funcionario id: 213
2019-08-30 17:04:40,388 INFO:Parsing funcionario id: 214
2019-08-30 17:04:40,388 INFO:Parsing funcionario id: 215
2019-08-30 17:04:40,388 INFO:Parsing funcionario id: 216
2019-08-30 17:04:40,388 INFO:Parsing funcionario id: 217
2019-08-30 17:04:40,388 INFO:Parsing funcionario id: 219
2019-08-30 17:04:40,388 INFO:Parsing funcionario id: 223
2019-08-30 17:04:40,388 INFO:Parsing funcionario id: 224
2019-08-30 17:04:40,388 INFO:Parsing funcionario id: 225
2019-08-30 17:04:40,388 INFO:Parsing funcionario id: 226
2019-08-30 17:04:40,388 INFO:Parsing funcionario id: 227
2019-08-30 17:04:40,389 INFO:Parsing funcionario id: 228
2019-08-30 17:04:40,389 INFO:Parsing funcionario id: 229
2019-08-30 17:04:40,389 INFO:Parsing funcionario id: 230
2019-08-30 17:04:40,389 INFO:Parsing funcionario id: 231
2019-08-30 17:04:40,389 INFO:Parsing funcionario id: 232
2019-08-30 17:04:40,389 INFO:Parsing funcionario id: 233
2019-08-30 17:04:40,389 INFO:Parsing funcionario id: 234
2019-08-30 17:04:40,389 INFO:Parsing funcionario id: 235
2019-08-30 17:04:40,389 INFO:Parsing funcionario id: 237
2019-08-30 17:04:40,389 INFO:Parsing funcionario id: 238
2019-08-30 17:04:40,390 INFO:Parsing funcionario id: 239
2019-08-30 17:04:40,390 INFO:Parsing funcionario id: 240
2019-08-30 17:04:40,390 INFO:Parsing funcionario id: 242
2019-08-30 17:04:40,390 INFO:Parsing funcionario id: 243
2019-08-30 17:04:40,391 INFO:Parsing funcionario id: 244
2019-08-30 17:04:40,391 INFO:Parsing funcionario id: 245
2019-08-30 17:04:40,392 INFO:Parsing funcionario id: 247
2019-08-30 17:04:40,392 INFO:Parsing funcionario id: 248
2019-08-30 17:04:40,392 INFO:Parsing funcionario id: 249
2019-08-30 17:04:40,392 INFO:Parsing funcionario id: 258
2019-08-30 17:04:40,392 INFO:Parsing funcionario id: 259
2019-08-30 17:04:40,392 INFO:Parsing funcionario id: 429
2019-08-30 17:04:40,392 INFO:Parsing funcionario id: 263
2019-08-30 17:04:40,392 INFO:Parsing funcionario id: 264
2019-08-30 17:04:40,392 INFO:Parsing funcionario id: 267
2019-08-30 17:04:40,392 INFO:Parsing funcionario id: 253
2019-08-30 17:04:40,392 INFO:Parsing funcionario id: 218
2019-08-30 17:04:40,393 INFO:Parsing funcionario id: 221
2019-08-30 17:04:40,393 INFO:Parsing funcionario id: 270
2019-08-30 17:04:40,393 INFO:Parsing funcionario id: 274
2019-08-30 17:04:40,393 INFO:Parsing funcionario id: 276
2019-08-30 17:04:40,393 INFO:Parsing funcionario id: 277
2019-08-30 17:04:40,393 INFO:Parsing funcionario id: 278
2019-08-30 17:04:40,393 INFO:Parsing funcionario id: 123
2019-08-30 17:04:40,393 INFO:Parsing funcionario id: 290
2019-08-30 17:04:40,393 INFO:Parsing funcionario id: 291
2019-08-30 17:04:40,393 INFO:Parsing funcionario id: 292
2019-08-30 17:04:40,393 INFO:Parsing funcionario id: 293
2019-08-30 17:04:40,394 INFO:Parsing funcionario id: 294
2019-08-30 17:04:40,394 INFO:Parsing funcionario id: 295
2019-08-30 17:04:40,394 INFO:Parsing funcionario id: 297
2019-08-30 17:04:40,394 INFO:Parsing funcionario id: 307
2019-08-30 17:04:40,394 INFO:Parsing funcionario id: 309
2019-08-30 17:04:40,394 INFO:Parsing funcionario id: 310
2019-08-30 17:04:40,394 INFO:Parsing funcionario id: 311
2019-08-30 17:04:40,394 INFO:Parsing funcionario id: 313
2019-08-30 17:04:40,394 INFO:Parsing funcionario id: 315
2019-08-30 17:04:40,394 INFO:Parsing funcionario id: 316
2019-08-30 17:04:40,394 INFO:Parsing funcionario id: 317
2019-08-30 17:04:40,394 INFO:Parsing funcionario id: 318
2019-08-30 17:04:40,394 INFO:Parsing funcionario id: 319
2019-08-30 17:04:40,395 INFO:Parsing funcionario id: 320
2019-08-30 17:04:40,395 INFO:Parsing funcionario id: 321
2019-08-30 17:04:40,395 INFO:Parsing funcionario id: 430
2019-08-30 17:04:40,395 INFO:Parsing funcionario id: 324
2019-08-30 17:04:40,395 INFO:Parsing funcionario id: 326
2019-08-30 17:04:40,395 INFO:Parsing funcionario id: 327
2019-08-30 17:04:40,395 INFO:Parsing funcionario id: 329
2019-08-30 17:04:40,395 INFO:Parsing funcionario id: 330
2019-08-30 17:04:40,395 INFO:Parsing funcionario id: 449
2019-08-30 17:04:40,395 INFO:Parsing funcionario id: 332
2019-08-30 17:04:40,395 INFO:Parsing funcionario id: 333
2019-08-30 17:04:40,395 INFO:Parsing funcionario id: 335
2019-08-30 17:04:40,395 INFO:Parsing funcionario id: 336
2019-08-30 17:04:40,396 INFO:Parsing funcionario id: 337
2019-08-30 17:04:40,396 INFO:Parsing funcionario id: 305
2019-08-30 17:04:40,396 INFO:Parsing funcionario id: 303
2019-08-30 17:04:40,396 INFO:Parsing funcionario id: 301
2019-08-30 17:04:40,396 INFO:Parsing funcionario id: 433
2019-08-30 17:04:40,397 INFO:Parsing funcionario id: 439
2019-08-30 17:04:40,399 INFO:Parsing funcionario id: 338
2019-08-30 17:04:40,399 INFO:Parsing funcionario id: 340
2019-08-30 17:04:40,399 INFO:Parsing funcionario id: 341
2019-08-30 17:04:40,400 INFO:Parsing funcionario id: 343
2019-08-30 17:04:40,400 INFO:Parsing funcionario id: 344
2019-08-30 17:04:40,400 INFO:Parsing funcionario id: 348
2019-08-30 17:04:40,400 INFO:Parsing funcionario id: 349
2019-08-30 17:04:40,400 INFO:Parsing funcionario id: 351
2019-08-30 17:04:40,400 INFO:Parsing funcionario id: 352
2019-08-30 17:04:40,400 INFO:Parsing funcionario id: 353
2019-08-30 17:04:40,400 INFO:Parsing funcionario id: 354
2019-08-30 17:04:40,400 INFO:Parsing funcionario id: 355
2019-08-30 17:04:40,400 INFO:Parsing funcionario id: 358
2019-08-30 17:04:40,400 INFO:Parsing funcionario id: 359
2019-08-30 17:04:40,400 INFO:Parsing funcionario id: 360
2019-08-30 17:04:40,400 INFO:Parsing funcionario id: 362
2019-08-30 17:04:40,400 INFO:Parsing funcionario id: 364
2019-08-30 17:04:40,400 INFO:Parsing funcionario id: 365
2019-08-30 17:04:40,401 INFO:Parsing funcionario id: 385
2019-08-30 17:04:40,401 INFO:Parsing funcionario id: 363
2019-08-30 17:04:40,401 INFO:Parsing funcionario id: 424
2019-08-30 17:04:40,401 INFO:Parsing funcionario id: 370
2019-08-30 17:04:40,401 INFO:Parsing funcionario id: 422
2019-08-30 17:04:40,401 INFO:Parsing funcionario id: 372
2019-08-30 17:04:40,401 INFO:Parsing funcionario id: 374
2019-08-30 17:04:40,401 INFO:Parsing funcionario id: 375
2019-08-30 17:04:40,401 INFO:Parsing funcionario id: 376
2019-08-30 17:04:40,402 INFO:Parsing funcionario id: 379
2019-08-30 17:04:40,402 INFO:Parsing funcionario id: 382
2019-08-30 17:04:40,402 INFO:Parsing funcionario id: 386
2019-08-30 17:04:40,402 INFO:Parsing funcionario id: 381
2019-08-30 17:04:40,403 INFO:Parsing funcionario id: 366
2019-08-30 17:04:40,403 INFO:Parsing funcionario id: 384
2019-08-30 17:04:40,403 INFO:Parsing funcionario id: 383
2019-08-30 17:04:40,403 INFO:Parsing funcionario id: 380
2019-08-30 17:04:40,403 INFO:Parsing funcionario id: 387
2019-08-30 17:04:40,403 INFO:Parsing funcionario id: 389
2019-08-30 17:04:40,403 INFO:Parsing funcionario id: 390
2019-08-30 17:04:40,403 INFO:Parsing funcionario id: 391
2019-08-30 17:04:40,403 INFO:Parsing funcionario id: 393
2019-08-30 17:04:40,403 INFO:Parsing funcionario id: 394
2019-08-30 17:04:40,403 INFO:Parsing funcionario id: 392
2019-08-30 17:04:40,403 INFO:Parsing funcionario id: 395
2019-08-30 17:04:40,403 INFO:Parsing funcionario id: 396
2019-08-30 17:04:40,403 INFO:Parsing funcionario id: 399
2019-08-30 17:04:40,403 INFO:Parsing funcionario id: 400
2019-08-30 17:04:40,404 INFO:Parsing funcionario id: 401
2019-08-30 17:04:40,404 INFO:Parsing funcionario id: 402
2019-08-30 17:04:40,404 INFO:Parsing funcionario id: 403
2019-08-30 17:04:40,404 INFO:Parsing funcionario id: 463
2019-08-30 17:04:40,404 INFO:Get image from https://gobiernoabierto.cordoba.gob.ar/media/__sized__/imagenes/personas/SIN_FUNCIONARIO-thumbnail-32x32-70.jpeg
2019-08-30 17:04:40,591 INFO:Get image from https://gobiernoabierto.cordoba.gob.ar/media/__sized__/imagenes/personas/SIN_FUNCIONARIO-thumbnail-125x125-70.jpeg
2019-08-30 17:04:40,794 INFO:Get image from https://gobiernoabierto.cordoba.gob.ar/media/imagenes/personas/SIN_FUNCIONARIO.jpeg
2019-08-30 17:04:41,025 INFO:Parsing funcionario id: 405
2019-08-30 17:04:41,025 INFO:Parsing funcionario id: 406
2019-08-30 17:04:41,026 INFO:Parsing funcionario id: 427
2019-08-30 17:04:41,026 INFO:Parsing funcionario id: 409
2019-08-30 17:04:41,026 INFO:Parsing funcionario id: 431
2019-08-30 17:04:41,027 INFO:Parsing funcionario id: 411
2019-08-30 17:04:41,027 INFO:Parsing funcionario id: 410
2019-08-30 17:04:41,028 INFO:Parsing funcionario id: 412
2019-08-30 17:04:41,028 INFO:Parsing funcionario id: 413
2019-08-30 17:04:41,028 INFO:Parsing funcionario id: 407
2019-08-30 17:04:41,029 INFO:Parsing funcionario id: 414
2019-08-30 17:04:41,029 INFO:Parsing funcionario id: 415
2019-08-30 17:04:41,029 INFO:Parsing funcionario id: 417
2019-08-30 17:04:41,029 INFO:Parsing funcionario id: 418
2019-08-30 17:04:41,030 INFO:Parsing funcionario id: 419
2019-08-30 17:04:41,030 INFO:Parsing funcionario id: 420
2019-08-30 17:04:41,031 INFO:Parsing funcionario id: 416
2019-08-30 17:04:41,031 INFO:Parsing funcionario id: 434
2019-08-30 17:04:41,031 INFO:Parsing funcionario id: 435
2019-08-30 17:04:41,032 INFO:Parsing funcionario id: 436
2019-08-30 17:04:41,032 INFO:Parsing funcionario id: 325
2019-08-30 17:04:41,032 INFO:Parsing funcionario id: 440
2019-08-30 17:04:41,033 INFO:Parsing funcionario id: 441
2019-08-30 17:04:41,033 INFO:Parsing funcionario id: 442
2019-08-30 17:04:41,033 INFO:Parsing funcionario id: 444
2019-08-30 17:04:41,033 INFO:Parsing funcionario id: 445
2019-08-30 17:04:41,034 INFO:Parsing funcionario id: 446
2019-08-30 17:04:41,034 INFO:Parsing funcionario id: 447
2019-08-30 17:04:41,034 INFO:Parsing funcionario id: 448
2019-08-30 17:04:41,035 INFO:Parsing funcionario id: 450
2019-08-30 17:04:41,035 INFO:Parsing funcionario id: 460
2019-08-30 17:04:41,035 INFO:Parsing funcionario id: 461
2019-08-30 17:04:41,036 INFO:Parsing funcionario id: 462
2019-08-30 17:04:41,036 INFO:Parsing funcionario id: 421
2019-08-30 17:04:41,036 INFO:Parsing funcionario id: 443
2019-08-30 17:04:41,037 INFO:Parsing funcionario id: 452
2019-08-30 17:04:41,037 INFO:Parsing funcionario id: 453
2019-08-30 17:04:41,039 INFO:Parsing funcionario id: 454
2019-08-30 17:04:41,039 INFO:Parsing funcionario id: 455
2019-08-30 17:04:41,039 INFO:Parsing funcionario id: 456
2019-08-30 17:04:41,040 INFO:Parsing funcionario id: 457
2019-08-30 17:04:41,040 INFO:Parsing funcionario id: 458
2019-08-30 17:04:41,040 INFO:Parsing funcionario id: 451
2019-08-30 17:04:41,042 INFO:Savig file
